<?xml version="1.0" encoding="UTF-8"?>
<!-- Generated by org.testng.reporters.JUnitXMLReporter -->
<testsuite hostname="Owner-PC" name="Default test" tests="7" failures="0" timestamp="24 May 2019 22:53:43 GMT" time="102.876" errors="0">
  <testcase name="ImgActive" time="0.281" classname="sjcswank.com.guthub.seleniumTests.DashTests"/>
  <testcase name="NewItemDropdown" time="1.711" classname="sjcswank.com.guthub.seleniumTests.DashTests"/>
  <testcase name="NewItemDropdown" time="1.707" classname="sjcswank.com.guthub.seleniumTests.DashTests"/>
  <testcase name="NewItemDropdown" time="1.376" classname="sjcswank.com.guthub.seleniumTests.DashTests"/>
  <testcase name="RecentTitles" time="0.253" classname="sjcswank.com.guthub.seleniumTests.DashTests"/>
  <testcase name="RecentTitles" time="0.433" classname="sjcswank.com.guthub.seleniumTests.DashTests"/>
  <testcase name="RecentTitles" time="0.255" classname="sjcswank.com.guthub.seleniumTests.DashTests"/>
</testsuite> <!-- Default test -->
