<?xml version="1.0" encoding="UTF-8"?>
<!-- Generated by org.testng.reporters.JUnitXMLReporter -->
<testsuite hostname="Owner-PC" name="Default test" tests="3" failures="0" timestamp="28 May 2019 19:05:25 GMT" time="46.49" errors="0">
  <testcase name="addMaterialButton" time="0.224" classname="sjcswank.com.guthub.seleniumTests.LocationsTests"/>
  <testcase name="imgActive" time="0.408" classname="sjcswank.com.guthub.seleniumTests.LocationsTests"/>
  <testcase name="titleDisplayed" time="0.027" classname="sjcswank.com.guthub.seleniumTests.LocationsTests"/>
</testsuite> <!-- Default test -->
