<?xml version="1.0" encoding="UTF-8"?>
<testng-results skipped="0" failed="0" total="3" passed="3">
  <reporter-output>
  </reporter-output>
  <suite name="Default suite" duration-ms="46490" started-at="2019-05-28T19:04:39Z" finished-at="2019-05-28T19:05:25Z">
    <groups>
    </groups>
    <test name="Default test" duration-ms="46490" started-at="2019-05-28T19:04:39Z" finished-at="2019-05-28T19:05:25Z">
      <class name="sjcswank.com.guthub.seleniumTests.LocationsTests">
        <test-method status="PASS" signature="setup()[pri:0, instance:sjcswank.com.guthub.seleniumTests.LocationsTests@6c3708b3]" name="setup" is-config="true" duration-ms="11890" started-at="2019-05-28T14:04:39Z" finished-at="2019-05-28T14:04:50Z">
          <reporter-output>
          </reporter-output>
        </test-method> <!-- setup -->
        <test-method status="PASS" signature="addMaterialButton()[pri:0, instance:sjcswank.com.guthub.seleniumTests.LocationsTests@6c3708b3]" name="addMaterialButton" duration-ms="224" started-at="2019-05-28T14:04:50Z" finished-at="2019-05-28T14:04:51Z">
          <reporter-output>
          </reporter-output>
        </test-method> <!-- addMaterialButton -->
        <test-method status="PASS" signature="tearDown()[pri:0, instance:sjcswank.com.guthub.seleniumTests.LocationsTests@6c3708b3]" name="tearDown" is-config="true" duration-ms="3634" started-at="2019-05-28T14:04:51Z" finished-at="2019-05-28T14:04:54Z">
          <reporter-output>
          </reporter-output>
        </test-method> <!-- tearDown -->
        <test-method status="PASS" signature="setup()[pri:0, instance:sjcswank.com.guthub.seleniumTests.LocationsTests@6c3708b3]" name="setup" is-config="true" duration-ms="11749" started-at="2019-05-28T14:04:54Z" finished-at="2019-05-28T14:05:06Z">
          <reporter-output>
          </reporter-output>
        </test-method> <!-- setup -->
        <test-method status="PASS" signature="imgActive()[pri:0, instance:sjcswank.com.guthub.seleniumTests.LocationsTests@6c3708b3]" name="imgActive" duration-ms="408" started-at="2019-05-28T14:05:06Z" finished-at="2019-05-28T14:05:06Z">
          <reporter-output>
          </reporter-output>
        </test-method> <!-- imgActive -->
        <test-method status="PASS" signature="tearDown()[pri:0, instance:sjcswank.com.guthub.seleniumTests.LocationsTests@6c3708b3]" name="tearDown" is-config="true" duration-ms="3276" started-at="2019-05-28T14:05:06Z" finished-at="2019-05-28T14:05:10Z">
          <reporter-output>
          </reporter-output>
        </test-method> <!-- tearDown -->
        <test-method status="PASS" signature="setup()[pri:0, instance:sjcswank.com.guthub.seleniumTests.LocationsTests@6c3708b3]" name="setup" is-config="true" duration-ms="11500" started-at="2019-05-28T14:05:10Z" finished-at="2019-05-28T14:05:21Z">
          <reporter-output>
          </reporter-output>
        </test-method> <!-- setup -->
        <test-method status="PASS" signature="titleDisplayed()[pri:0, instance:sjcswank.com.guthub.seleniumTests.LocationsTests@6c3708b3]" name="titleDisplayed" duration-ms="27" started-at="2019-05-28T14:05:21Z" finished-at="2019-05-28T14:05:21Z">
          <reporter-output>
          </reporter-output>
        </test-method> <!-- titleDisplayed -->
        <test-method status="PASS" signature="tearDown()[pri:0, instance:sjcswank.com.guthub.seleniumTests.LocationsTests@6c3708b3]" name="tearDown" is-config="true" duration-ms="3759" started-at="2019-05-28T14:05:21Z" finished-at="2019-05-28T14:05:25Z">
          <reporter-output>
          </reporter-output>
        </test-method> <!-- tearDown -->
      </class> <!-- sjcswank.com.guthub.seleniumTests.LocationsTests -->
    </test> <!-- Default test -->
  </suite> <!-- Default suite -->
</testng-results>
